<?xml version="1.0" encoding="UTF-8"?>
<!-- Generated by org.testng.reporters.JUnitReportReporter -->
<testsuite hostname="DESKTOP-CAGR1II" failures="0" tests="2" name="com.mystore.testcases.IndexPageTest" time="11.582" errors="0" timestamp="2022-10-08T16:36:20 ART" skipped="0">
  <testcase classname="com.mystore.testcases.IndexPageTest" name="veryfyLogo" time="5.629"/>
  <system-out/>
  <testcase classname="com.mystore.testcases.IndexPageTest" name="verifyTitle" time="5.953"/>
  <system-out/>
</testsuite> <!-- com.mystore.testcases.IndexPageTest -->
