<?xml version="1.0" encoding="UTF-8"?>
<!-- Generated by org.testng.reporters.JUnitReportReporter -->
<testsuite hostname="DESKTOP-CAGR1II" failures="0" tests="1" name="com.mystore.testcases.LoginPageTest" time="15.041" errors="0" timestamp="2022-10-08T20:21:11 ART" skipped="0">
  <testcase classname="com.mystore.testcases.LoginPageTest" name="loginTest" time="15.041"/>
  <system-out/>
</testsuite> <!-- com.mystore.testcases.LoginPageTest -->
