<?xml version="1.0" encoding="UTF-8"?>
<!-- Generated by org.testng.reporters.JUnitReportReporter -->
<testsuite hostname="DESKTOP-CAGR1II" failures="0" tests="1" name="com.mystore.testcases.AddToCartPageTest" time="12.683" errors="0" timestamp="2022-10-08T20:21:11 ART" skipped="0">
  <testcase classname="com.mystore.testcases.AddToCartPageTest" name="addToCartTest" time="12.683"/>
  <system-out/>
</testsuite> <!-- com.mystore.testcases.AddToCartPageTest -->
