<?xml version="1.0" encoding="UTF-8"?>
<!-- Generated by org.testng.reporters.JUnitReportReporter -->
<testsuite hostname="DESKTOP-CAGR1II" failures="0" tests="2" name="com.mystore.testcases.HomePageTest" time="25.059" errors="0" timestamp="2022-10-08T16:36:20 ART" skipped="0">
  <testcase classname="com.mystore.testcases.HomePageTest" name="orderHistoryTest" time="13.398"/>
  <system-out/>
  <testcase classname="com.mystore.testcases.HomePageTest" name="wishListTest" time="11.661"/>
  <system-out/>
</testsuite> <!-- com.mystore.testcases.HomePageTest -->
