<?xml version="1.0" encoding="UTF-8"?>
<!-- Generated by org.testng.reporters.JUnitReportReporter -->
<testsuite hostname="DESKTOP-CAGR1II" failures="0" tests="1" name="com.mystore.testcases.SearcResultPageTest" time="7.783" errors="0" timestamp="2022-10-08T16:36:20 ART" skipped="0">
  <testcase classname="com.mystore.testcases.SearcResultPageTest" name="productAbailibilityTest" time="7.783"/>
  <system-out/>
</testsuite> <!-- com.mystore.testcases.SearcResultPageTest -->
