<?xml version="1.0" encoding="UTF-8"?>
<!-- Generated by org.testng.reporters.JUnitReportReporter -->
<testsuite hostname="DESKTOP-CAGR1II" failures="0" tests="1" name="com.mystore.testcases.OrderPageTest" time="16.553" errors="0" timestamp="2022-10-07T00:05:56 ART" skipped="0">
  <testcase classname="com.mystore.testcases.OrderPageTest" name="totalPriceTest" time="16.553"/>
  <system-out/>
</testsuite> <!-- com.mystore.testcases.OrderPageTest -->
